<?xml version="1.0" encoding="UTF-8"?>
<Site BuildName="(empty)"
	BuildStamp="20240116-1036-Experimental"
	Name="isrmeca"
	Generator="ctest-3.16.3"
	CompilerName="/usr/bin/g++"
	CompilerVersion="9.4.0"
	OSName="Linux"
	Hostname="isrmeca"
	OSRelease="5.15.0-91-generic"
	OSVersion="#101~20.04.1-Ubuntu SMP Thu Nov 16 14:22:28 UTC 2023"
	OSPlatform="x86_64"
	Is64Bits="1"
	VendorString="AuthenticAMD"
	VendorID="Advanced Micro Devices"
	FamilyID="23"
	ModelID="113"
	ProcessorCacheSize="512"
	NumberOfLogicalCPU="16"
	NumberOfPhysicalCPU="8"
	TotalVirtualMemory="7628"
	TotalPhysicalMemory="64220"
	LogicalProcessorsPerPhysical="2"
	ProcessorClockFrequency="2200"
	>
	<Testing>
		<StartDateTime>Jan 16 10:36 WET</StartDateTime>
		<StartTestTime>1705401378</StartTestTime>
		<TestList/>
		<EndDateTime>Jan 16 10:36 WET</EndDateTime>
		<EndTestTime>1705401378</EndTestTime>
		<ElapsedMinutes>0</ElapsedMinutes>
	</Testing>
</Site>
