<?xml version="1.0" encoding="UTF-8"?>
<Site BuildName="(empty)"
	BuildStamp="20231127-1102-Experimental"
	Name="isrmeca"
	Generator="ctest-3.16.3"
	CompilerName="/usr/bin/g++"
	CompilerVersion="9.4.0"
	OSName="Linux"
	Hostname="isrmeca"
	OSRelease="5.15.0-89-generic"
	OSVersion="#99~20.04.1-Ubuntu SMP Thu Nov 2 15:16:47 UTC 2023"
	OSPlatform="x86_64"
	Is64Bits="1"
	VendorString="AuthenticAMD"
	VendorID="Advanced Micro Devices"
	FamilyID="23"
	ModelID="113"
	ProcessorCacheSize="512"
	NumberOfLogicalCPU="16"
	NumberOfPhysicalCPU="8"
	TotalVirtualMemory="7628"
	TotalPhysicalMemory="64220"
	LogicalProcessorsPerPhysical="2"
	ProcessorClockFrequency="2963.31"
	>
	<Testing>
		<StartDateTime>Nov 27 11:02 WET</StartDateTime>
		<StartTestTime>1701082963</StartTestTime>
		<TestList/>
		<EndDateTime>Nov 27 11:02 WET</EndDateTime>
		<EndTestTime>1701082963</EndTestTime>
		<ElapsedMinutes>0</ElapsedMinutes>
	</Testing>
</Site>
